2022-11-11 15:10:17,063  INFO [main] Test Automation:24 - opening browser
 2022-11-11 15:10:17,116  INFO [main] Test Automation:30 - launching browser
 2022-11-11 15:10:49,329  INFO [main] Test Automation:38 - enter Name
 2022-11-11 15:25:08,168  INFO [main] Test Automation:24 - opening browser
 2022-11-11 15:25:08,203  INFO [main] Test Automation:30 - launching browser
 2022-11-11 15:25:12,056  INFO [main] Test Automation:38 - enter Name
 2022-11-11 15:30:30,421  INFO [main] Test Automation:24 - opening browser
2022-11-11 15:30:30,480  INFO [main] Test Automation:30 - launching browser
2022-11-11 15:30:36,543  INFO [main] Test Automation:38 - enter Name
2022-11-11 15:30:37,073  INFO [main] Test Automation:56 - closing
2022-11-11 15:32:40,919  INFO [main] Test Automation:24 - opening browser
2022-11-11 15:32:40,957  INFO [main] Test Automation:30 - launching browser
2022-11-11 15:33:00,756  INFO [main] Test Automation:38 - enter Name
2022-11-11 15:33:01,256  INFO [main] Test Automation:56 - closing
2022-11-11 15:35:52,306  INFO [main] Test Automation:24 - opening browser
2022-11-11 15:35:52,353  INFO [main] Test Automation:30 - launching browser
2022-11-11 15:35:58,632  INFO [main] Test Automation:38 - enter Name
2022-11-11 15:35:59,109  INFO [main] Test Automation:56 - closing
2022-11-11 15:38:08,438  INFO [main] Test Automation:24 - opening browser
2022-11-11 15:38:08,467  INFO [main] Test Automation:30 - launching browser
2022-11-11 15:38:42,237  INFO [main] Test Automation:38 - enter Name
2022-11-11 15:38:43,094  INFO [main] Test Automation:56 - closing
2022-11-11 15:42:16,577  INFO [main] Test Automation:24 - opening browser
2022-11-11 15:42:16,657  INFO [main] Test Automation:30 - launching browser
2022-11-11 15:42:49,215  INFO [main] Test Automation:38 - enter Name
2022-11-11 15:42:50,311  INFO [main] Test Automation:56 - closing
2022-11-11 15:45:51,974  INFO [main] Test Automation:24 - opening browser
2022-11-11 15:45:52,067  INFO [main] Test Automation:30 - launching browser
2022-11-11 15:45:56,792  INFO [main] Test Automation:38 - enter Name
2022-11-11 15:45:57,571  INFO [main] Test Automation:56 - closing
2022-11-12 18:08:39,321  INFO [main] Test Automation:38 - opening browser
2022-11-12 18:08:39,366  INFO [main] Test Automation:50 - launching browser
2022-11-12 18:09:12,072  INFO [main] Test Automation:58 - enter Name
2022-11-12 18:09:12,553  INFO [main] Test Automation:76 - closing
2022-11-12 18:10:27,226  INFO [main] Test Automation:38 - opening browser
2022-11-12 18:10:27,301  INFO [main] Test Automation:50 - launching browser
2022-11-12 18:10:59,641  INFO [main] Test Automation:58 - enter Name
2022-11-12 18:11:00,133  INFO [main] Test Automation:76 - closing
2022-11-25 19:24:41,992  INFO [main] Test Automation:38 - opening browser
2022-11-25 19:24:42,190  INFO [main] Test Automation:50 - launching browser
2022-11-25 19:24:47,837  INFO [main] Test Automation:58 - enter Name
2022-11-25 19:24:48,657  INFO [main] Test Automation:76 - closing
2022-11-25 19:54:18,600  INFO [main] Test Automation:38 - opening browser
2022-11-25 19:54:18,697  INFO [main] Test Automation:50 - launching browser
2022-11-25 19:54:33,793  INFO [main] Test Automation:38 - opening browser
2022-11-25 19:54:33,858  INFO [main] Test Automation:50 - launching browser
2022-11-25 19:54:41,565  INFO [main] Test Automation:58 - enter Name
2022-11-25 19:54:42,121  INFO [main] Test Automation:76 - closing
2022-11-25 20:18:32,683  INFO [main] Test Automation:38 - opening browser
2022-11-25 20:18:32,745  INFO [main] Test Automation:50 - launching browser
2022-11-25 20:18:36,653  INFO [main] Test Automation:58 - enter Name
2022-11-25 20:18:37,150  INFO [main] Test Automation:76 - closing
2022-11-25 20:26:15,860  INFO [main] Test Automation:51 - opening browser
2022-11-25 20:26:15,887  INFO [main] Test Automation:63 - launching browser
2022-11-25 20:26:20,067  INFO [main] Test Automation:71 - enter Name
2022-11-25 20:26:20,678  INFO [main] Test Automation:89 - closing
2022-11-25 20:26:43,985  INFO [main] Test Automation:51 - opening browser
2022-11-25 20:26:44,026  INFO [main] Test Automation:63 - launching browser
2022-11-25 20:26:48,061  INFO [main] Test Automation:71 - enter Name
2022-11-25 20:26:48,559  INFO [main] Test Automation:89 - closing
2022-11-25 20:31:57,736  INFO [main] Test Automation:51 - opening browser
2022-11-25 20:31:57,789  INFO [main] Test Automation:63 - launching browser
2022-11-25 20:32:01,468  INFO [main] Test Automation:71 - enter Name
2022-11-25 20:32:02,000  INFO [main] Test Automation:89 - closing
